Traceback (most recent call last):
  File "/home/yongjian/Yongjian_data/Projects/python_spider/mi_spider/spider.py", line 1, in <module>
    from utils import *
  File "/home/yongjian/Yongjian_data/Projects/python_spider/mi_spider/utils/__init__.py", line 1, in <module>
    from .database import *
  File "/home/yongjian/Yongjian_data/Projects/python_spider/mi_spider/utils/database.py", line 5, in <module>
    import matplotlib.pyplot as plt
  File "/home/yongjian/anaconda3/envs/mi_store_spider/lib/python3.11/site-packages/matplotlib/__init__.py", line 161, in <module>
    from . import _api, _version, cbook, _docstring, rcsetup
  File "/home/yongjian/anaconda3/envs/mi_store_spider/lib/python3.11/site-packages/matplotlib/rcsetup.py", line 27, in <module>
    from matplotlib.colors import Colormap, is_color_like
  File "/home/yongjian/anaconda3/envs/mi_store_spider/lib/python3.11/site-packages/matplotlib/colors.py", line 57, in <module>
    from matplotlib import _api, _cm, cbook, scale
  File "/home/yongjian/anaconda3/envs/mi_store_spider/lib/python3.11/site-packages/matplotlib/scale.py", line 22, in <module>
    from matplotlib.ticker import (
  File "/home/yongjian/anaconda3/envs/mi_store_spider/lib/python3.11/site-packages/matplotlib/ticker.py", line 143, in <module>
    from matplotlib import transforms as mtransforms
  File "/home/yongjian/anaconda3/envs/mi_store_spider/lib/python3.11/site-packages/matplotlib/transforms.py", line 49, in <module>
    from matplotlib._path import (
ImportError: /lib/x86_64-linux-gnu/libstdc++.so.6: version `GLIBCXX_3.4.29' not found (required by /home/yongjian/anaconda3/envs/mi_store_spider/lib/python3.11/site-packages/matplotlib/_path.cpython-311-x86_64-linux-gnu.so)
